<?xml version="1.0" encoding="UTF-8"?>
<!-- Generated by org.testng.reporters.JUnitXMLReporter -->
<testsuite hostname="Tharindu" ignored="0" name="Default test" tests="3" failures="0" timestamp="2020-05-06T20:10:51 IST" time="65.197" errors="0">
  <testcase name="verifygoogleTitle" time="2.252" classname="TestNG.TestNG_BeforeClass_AfterClass_Priority"/>
  <testcase name="verifyYahooTitle" time="16.662" classname="TestNG.TestNG_BeforeClass_AfterClass_Priority"/>
  <testcase name="verifyBankofIndiaTitle" time="5.303" classname="TestNG.TestNG_BeforeClass_AfterClass_Priority"/>
</testsuite> <!-- Default test -->
