<?xml version="1.0" encoding="UTF-8"?>
<testng-results skipped="0" failed="0" ignored="0" total="3" passed="3">
  <reporter-output>
  </reporter-output>
  <suite name="Default suite" duration-ms="65197" started-at="2020-05-06T20:09:46 IST" finished-at="2020-05-06T20:10:51 IST">
    <groups>
    </groups>
    <test name="Default test" duration-ms="65197" started-at="2020-05-06T20:09:46 IST" finished-at="2020-05-06T20:10:51 IST">
      <class name="TestNG.TestNG_BeforeClass_AfterClass_Priority">
        <test-method status="PASS" signature="launchbrowser()[pri:0, instance:TestNG.TestNG_BeforeClass_AfterClass_Priority@3cef309d]" name="launchbrowser" is-config="true" duration-ms="24097" started-at="2020-05-06T20:09:46 IST" finished-at="2020-05-06T20:10:10 IST">
          <reporter-output>
          </reporter-output>
        </test-method> <!-- launchbrowser -->
        <test-method status="PASS" signature="verifygoogleTitle()[pri:1, instance:TestNG.TestNG_BeforeClass_AfterClass_Priority@3cef309d]" name="verifygoogleTitle" duration-ms="2252" started-at="2020-05-06T20:10:10 IST" finished-at="2020-05-06T20:10:12 IST">
          <reporter-output>
          </reporter-output>
        </test-method> <!-- verifygoogleTitle -->
        <test-method status="PASS" signature="verifyYahooTitle()[pri:2, instance:TestNG.TestNG_BeforeClass_AfterClass_Priority@3cef309d]" name="verifyYahooTitle" duration-ms="16662" started-at="2020-05-06T20:10:12 IST" finished-at="2020-05-06T20:10:29 IST">
          <reporter-output>
          </reporter-output>
        </test-method> <!-- verifyYahooTitle -->
        <test-method status="PASS" signature="verifyBankofIndiaTitle()[pri:3, instance:TestNG.TestNG_BeforeClass_AfterClass_Priority@3cef309d]" name="verifyBankofIndiaTitle" duration-ms="5303" started-at="2020-05-06T20:10:29 IST" finished-at="2020-05-06T20:10:34 IST">
          <reporter-output>
          </reporter-output>
        </test-method> <!-- verifyBankofIndiaTitle -->
        <test-method status="PASS" signature="closebrowser()[pri:0, instance:TestNG.TestNG_BeforeClass_AfterClass_Priority@3cef309d]" name="closebrowser" is-config="true" duration-ms="16795" started-at="2020-05-06T20:10:34 IST" finished-at="2020-05-06T20:10:51 IST">
          <reporter-output>
          </reporter-output>
        </test-method> <!-- closebrowser -->
      </class> <!-- TestNG.TestNG_BeforeClass_AfterClass_Priority -->
    </test> <!-- Default test -->
  </suite> <!-- Default suite -->
</testng-results>
