<?xml version="1.0" encoding="UTF-8"?>
<testng-results skipped="0" failed="0" ignored="0" total="4" passed="4">
  <reporter-output>
  </reporter-output>
  <suite name="Suite" duration-ms="122" started-at="2020-05-07T16:12:07 IST" finished-at="2020-05-07T16:12:07 IST">
    <groups>
    </groups>
    <test name="Test" duration-ms="122" started-at="2020-05-07T16:12:07 IST" finished-at="2020-05-07T16:12:07 IST">
      <class name="TestNG.Class4">
        <test-method status="PASS" signature="testcase1()[pri:0, instance:TestNG.Class4@5b87ed94]" name="testcase1" duration-ms="32" started-at="2020-05-07T16:12:07 IST" finished-at="2020-05-07T16:12:07 IST">
          <reporter-output>
          </reporter-output>
        </test-method> <!-- testcase1 -->
        <test-method status="PASS" signature="testcase3()[pri:0, instance:TestNG.Class4@5b87ed94]" name="testcase3" duration-ms="33" started-at="2020-05-07T16:12:07 IST" finished-at="2020-05-07T16:12:07 IST">
          <reporter-output>
          </reporter-output>
        </test-method> <!-- testcase3 -->
        <test-method status="PASS" signature="testcase2()[pri:0, instance:TestNG.Class4@5b87ed94]" name="testcase2" duration-ms="31" started-at="2020-05-07T16:12:07 IST" finished-at="2020-05-07T16:12:07 IST">
          <reporter-output>
          </reporter-output>
        </test-method> <!-- testcase2 -->
        <test-method status="PASS" signature="testcase4()[pri:0, instance:TestNG.Class4@5b87ed94]" name="testcase4" duration-ms="39" started-at="2020-05-07T16:12:07 IST" finished-at="2020-05-07T16:12:07 IST">
          <reporter-output>
          </reporter-output>
        </test-method> <!-- testcase4 -->
      </class> <!-- TestNG.Class4 -->
    </test> <!-- Test -->
  </suite> <!-- Suite -->
</testng-results>
